# JRE version: OpenJDK Runtime Environment Temurin-23.0.2+7 (23.0.2+7) (build 23.0.2+7)
# Java VM: OpenJDK 64-Bit Server VM Temurin-23.0.2+7 (23.0.2+7, mixed mode, sharing, tiered, compressed oops, compressed class ptrs, g1 gc, bsd-aarch64)
GC Precious Log:
 CardTable entry size: 512
 Card Set container configuration: InlinePtr #cards 4 size 8 Array Of Cards #cards 32 size 80 Howl #buckets 8 coarsen threshold 7372 Howl Bitmap #cards 1024 size 144 coarsen threshold 921 Card regions per heap region 1 cards per card region 8192
 CPUs: 10 total, 10 available
 Memory: 32768M
 Large Page Support: Disabled
 NUMA Support: Disabled
 Compressed Oops: Enabled (Zero based)
 Heap Region Size: 4M
 Heap Min Capacity: 8M
 Heap Initial Capacity: 512M
 Heap Max Capacity: 8G
 Pre-touch: Disabled
 Parallel Workers: 9
 Concurrent Workers: 2
 Concurrent Refinement Workers: 9
 Periodic GC: Disabled
Heap:
 garbage-first heap   total reserved 8388608K, committed 1884160K, used 792362K [0x0000000600000000, 0x0000000800000000)
  region size 4096K, 43 young (176128K), 4 survivors (16384K)
 Metaspace       used 74902K, committed 75968K, reserved 1114112K
  class space    used 12030K, committed 12480K, reserved 1048576K
GC Heap History (20 events):
Event: 2.291 GC heap before
{Heap before GC invocations=12 (full 0):
 garbage-first heap   total reserved 8388608K, committed 1171456K, used 836230K [0x0000000600000000, 0x0000000800000000)
  region size 4096K, 71 young (290816K), 11 survivors (45056K)
 Metaspace       used 6642K, committed 6912K, reserved 1114112K
  class space    used 680K, committed 768K, reserved 1048576K
}
Event: 2.317 GC heap after
{Heap after GC invocations=13 (full 0):
 garbage-first heap   total reserved 8388608K, committed 1171456K, used 711796K [0x0000000600000000, 0x0000000800000000)
  region size 4096K, 9 young (36864K), 9 survivors (36864K)
 Metaspace       used 6642K, committed 6912K, reserved 1114112K
  class space    used 680K, committed 768K, reserved 1048576K
}
Event: 3.345 GC heap before
{Heap before GC invocations=14 (full 0):
 garbage-first heap   total reserved 8388608K, committed 1171456K, used 879732K [0x0000000600000000, 0x0000000800000000)
  region size 4096K, 56 young (229376K), 9 survivors (36864K)
 Metaspace       used 21098K, committed 21504K, reserved 1114112K
  class space    used 2455K, committed 2624K, reserved 1048576K
}
Event: 3.352 GC heap after
{Heap after GC invocations=15 (full 0):
 garbage-first heap   total reserved 8388608K, committed 1171456K, used 717551K [0x0000000600000000, 0x0000000800000000)
  region size 4096K, 5 young (20480K), 5 survivors (20480K)
 Metaspace       used 21098K, committed 21504K, reserved 1114112K
  class space    used 2455K, committed 2624K, reserved 1048576K
}
Event: 3.425 GC heap before
{Heap before GC invocations=15 (full 0):
 garbage-first heap   total reserved 8388608K, committed 1171456K, used 721647K [0x0000000600000000, 0x0000000800000000)
  region size 4096K, 7 young (28672K), 5 survivors (20480K)
 Metaspace       used 21418K, committed 21824K, reserved 1114112K
  class space    used 2496K, committed 2688K, reserved 1048576K
}
Event: 3.434 GC heap after
{Heap after GC invocations=16 (full 0):
 garbage-first heap   total reserved 8388608K, committed 1171456K, used 684510K [0x0000000600000000, 0x0000000800000000)
  region size 4096K, 4 young (16384K), 4 survivors (16384K)
 Metaspace       used 21418K, committed 21824K, reserved 1114112K
  class space    used 2496K, committed 2688K, reserved 1048576K
}
Event: 3.443 GC heap before
{Heap before GC invocations=16 (full 0):
 garbage-first heap   total reserved 8388608K, committed 1171456K, used 684510K [0x0000000600000000, 0x0000000800000000)
  region size 4096K, 5 young (20480K), 4 survivors (16384K)
 Metaspace       used 21787K, committed 22144K, reserved 1114112K
  class space    used 2544K, committed 2688K, reserved 1048576K
}
Event: 3.446 GC heap after
{Heap after GC invocations=17 (full 0):
 garbage-first heap   total reserved 8388608K, committed 2342912K, used 684083K [0x0000000600000000, 0x0000000800000000)
  region size 4096K, 4 young (16384K), 4 survivors (16384K)
 Metaspace       used 21787K, committed 22144K, reserved 1114112K
  class space    used 2544K, committed 2688K, reserved 1048576K
}
Event: 4.404 GC heap before
{Heap before GC invocations=18 (full 0):
 garbage-first heap   total reserved 8388608K, committed 1884160K, used 1462323K [0x0000000600000000, 0x0000000800000000)
  region size 4096K, 225 young (921600K), 4 survivors (16384K)
 Metaspace       used 31826K, committed 32448K, reserved 1114112K
  class space    used 3869K, committed 4160K, reserved 1048576K
}
Event: 4.412 GC heap after
{Heap after GC invocations=19 (full 0):
 garbage-first heap   total reserved 8388608K, committed 1884160K, used 600523K [0x0000000600000000, 0x0000000800000000)
  region size 4096K, 13 young (53248K), 13 survivors (53248K)
 Metaspace       used 31826K, committed 32448K, reserved 1114112K
  class space    used 3869K, committed 4160K, reserved 1048576K
}
Event: 4.746 GC heap before
{Heap before GC invocations=19 (full 0):
 garbage-first heap   total reserved 8388608K, committed 1884160K, used 1067467K [0x0000000600000000, 0x0000000800000000)
  region size 4096K, 128 young (524288K), 13 survivors (53248K)
 Metaspace       used 38473K, committed 39040K, reserved 1114112K
  class space    used 4742K, committed 4992K, reserved 1048576K
}
Event: 4.755 GC heap after
{Heap after GC invocations=20 (full 0):
 garbage-first heap   total reserved 8388608K, committed 1884160K, used 577784K [0x0000000600000000, 0x0000000800000000)
  region size 4096K, 15 young (61440K), 15 survivors (61440K)
 Metaspace       used 38473K, committed 39040K, reserved 1114112K
  class space    used 4742K, committed 4992K, reserved 1048576K
}
Event: 4.780 GC heap before
{Heap before GC invocations=20 (full 0):
 garbage-first heap   total reserved 8388608K, committed 1884160K, used 585976K [0x0000000600000000, 0x0000000800000000)
  region size 4096K, 18 young (73728K), 15 survivors (61440K)
 Metaspace       used 38763K, committed 39360K, reserved 1114112K
  class space    used 4771K, committed 5056K, reserved 1048576K
}
Event: 4.786 GC heap after
{Heap after GC invocations=21 (full 0):
 garbage-first heap   total reserved 8388608K, committed 1884160K, used 579933K [0x0000000600000000, 0x0000000800000000)
  region size 4096K, 5 young (20480K), 5 survivors (20480K)
 Metaspace       used 38763K, committed 39360K, reserved 1114112K
  class space    used 4771K, committed 5056K, reserved 1048576K
}
Event: 7.365 GC heap before
{Heap before GC invocations=22 (full 0):
 garbage-first heap   total reserved 8388608K, committed 1884160K, used 1399133K [0x0000000600000000, 0x0000000800000000)
  region size 4096K, 202 young (827392K), 5 survivors (20480K)
 Metaspace       used 56358K, committed 57344K, reserved 1114112K
  class space    used 7782K, committed 8192K, reserved 1048576K
}
Event: 7.389 GC heap after
{Heap after GC invocations=23 (full 0):
 garbage-first heap   total reserved 8388608K, committed 1884160K, used 652121K [0x0000000600000000, 0x0000000800000000)
  region size 4096K, 20 young (81920K), 20 survivors (81920K)
 Metaspace       used 56358K, committed 57344K, reserved 1114112K
  class space    used 7782K, committed 8192K, reserved 1048576K
}
Event: 8.108 GC heap before
{Heap before GC invocations=23 (full 0):
 garbage-first heap   total reserved 8388608K, committed 1884160K, used 975705K [0x0000000600000000, 0x0000000800000000)
  region size 4096K, 100 young (409600K), 20 survivors (81920K)
 Metaspace       used 65833K, committed 66816K, reserved 1114112K
  class space    used 10041K, committed 10432K, reserved 1048576K
}
Event: 8.136 GC heap after
{Heap after GC invocations=24 (full 0):
 garbage-first heap   total reserved 8388608K, committed 1884160K, used 639423K [0x0000000600000000, 0x0000000800000000)
  region size 4096K, 5 young (20480K), 5 survivors (20480K)
 Metaspace       used 65833K, committed 66816K, reserved 1114112K
  class space    used 10041K, committed 10432K, reserved 1048576K
}
Event: 8.153 GC heap before
{Heap before GC invocations=24 (full 0):
 garbage-first heap   total reserved 8388608K, committed 1884160K, used 647615K [0x0000000600000000, 0x0000000800000000)
  region size 4096K, 8 young (32768K), 5 survivors (20480K)
 Metaspace       used 66208K, committed 67136K, reserved 1114112K
  class space    used 10098K, committed 10496K, reserved 1048576K
}
Event: 8.156 GC heap after
{Heap after GC invocations=25 (full 0):
 garbage-first heap   total reserved 8388608K, committed 1884160K, used 636714K [0x0000000600000000, 0x0000000800000000)
  region size 4096K, 4 young (16384K), 4 survivors (16384K)
 Metaspace       used 66208K, committed 67136K, reserved 1114112K
  class space    used 10098K, committed 10496K, reserved 1048576K
}

